Determining if the Q_WS_WIN exist failed with the following output:
Change Dir: /home/pi/Proyecto/epos/iotpos/build/CMakeFiles/CMakeTmp

Run Build Command(s):/usr/bin/make cmTC_23cfe/fast && /usr/bin/make -f CMakeFiles/cmTC_23cfe.dir/build.make CMakeFiles/cmTC_23cfe.dir/build
make[1]: se entra en el directorio '/home/pi/Proyecto/epos/iotpos/build/CMakeFiles/CMakeTmp'
Building C object CMakeFiles/cmTC_23cfe.dir/CheckSymbolExists.c.o
/usr/bin/cc  -I/usr/include/qt4   -o CMakeFiles/cmTC_23cfe.dir/CheckSymbolExists.c.o   -c /home/pi/Proyecto/epos/iotpos/build/CMakeFiles/CMakeTmp/CheckSymbolExists.c
/home/pi/Proyecto/epos/iotpos/build/CMakeFiles/CMakeTmp/CheckSymbolExists.c: In function ‘main’:
/home/pi/Proyecto/epos/iotpos/build/CMakeFiles/CMakeTmp/CheckSymbolExists.c:8:19: error: ‘Q_WS_WIN’ undeclared (first use in this function); did you mean ‘Q_WS_X11’?
   return ((int*)(&Q_WS_WIN))[argc];
                   ^~~~~~~~
                   Q_WS_X11
/home/pi/Proyecto/epos/iotpos/build/CMakeFiles/CMakeTmp/CheckSymbolExists.c:8:19: note: each undeclared identifier is reported only once for each function it appears in
make[1]: *** [CMakeFiles/cmTC_23cfe.dir/build.make:66: CMakeFiles/cmTC_23cfe.dir/CheckSymbolExists.c.o] Error 1
make[1]: se sale del directorio '/home/pi/Proyecto/epos/iotpos/build/CMakeFiles/CMakeTmp'
make: *** [Makefile:121: cmTC_23cfe/fast] Error 2


File /home/pi/Proyecto/epos/iotpos/build/CMakeFiles/CMakeTmp/CheckSymbolExists.c:
/* */
#include <QtCore/qglobal.h>

int main(int argc, char** argv)
{
  (void)argv;
#ifndef Q_WS_WIN
  return ((int*)(&Q_WS_WIN))[argc];
#else
  (void)argc;
  return 0;
#endif
}
Determining if the Q_WS_QWS exist failed with the following output:
Change Dir: /home/pi/Proyecto/epos/iotpos/build/CMakeFiles/CMakeTmp

Run Build Command(s):/usr/bin/make cmTC_6a057/fast && /usr/bin/make -f CMakeFiles/cmTC_6a057.dir/build.make CMakeFiles/cmTC_6a057.dir/build
make[1]: se entra en el directorio '/home/pi/Proyecto/epos/iotpos/build/CMakeFiles/CMakeTmp'
Building C object CMakeFiles/cmTC_6a057.dir/CheckSymbolExists.c.o
/usr/bin/cc  -I/usr/include/qt4   -o CMakeFiles/cmTC_6a057.dir/CheckSymbolExists.c.o   -c /home/pi/Proyecto/epos/iotpos/build/CMakeFiles/CMakeTmp/CheckSymbolExists.c
/home/pi/Proyecto/epos/iotpos/build/CMakeFiles/CMakeTmp/CheckSymbolExists.c: In function ‘main’:
/home/pi/Proyecto/epos/iotpos/build/CMakeFiles/CMakeTmp/CheckSymbolExists.c:8:19: error: ‘Q_WS_QWS’ undeclared (first use in this function); did you mean ‘Q_WS_X11’?
   return ((int*)(&Q_WS_QWS))[argc];
                   ^~~~~~~~
                   Q_WS_X11
/home/pi/Proyecto/epos/iotpos/build/CMakeFiles/CMakeTmp/CheckSymbolExists.c:8:19: note: each undeclared identifier is reported only once for each function it appears in
make[1]: *** [CMakeFiles/cmTC_6a057.dir/build.make:66: CMakeFiles/cmTC_6a057.dir/CheckSymbolExists.c.o] Error 1
make[1]: se sale del directorio '/home/pi/Proyecto/epos/iotpos/build/CMakeFiles/CMakeTmp'
make: *** [Makefile:121: cmTC_6a057/fast] Error 2


File /home/pi/Proyecto/epos/iotpos/build/CMakeFiles/CMakeTmp/CheckSymbolExists.c:
/* */
#include <QtCore/qglobal.h>

int main(int argc, char** argv)
{
  (void)argv;
#ifndef Q_WS_QWS
  return ((int*)(&Q_WS_QWS))[argc];
#else
  (void)argc;
  return 0;
#endif
}
Determining if the Q_WS_MAC exist failed with the following output:
Change Dir: /home/pi/Proyecto/epos/iotpos/build/CMakeFiles/CMakeTmp

Run Build Command(s):/usr/bin/make cmTC_c14e5/fast && /usr/bin/make -f CMakeFiles/cmTC_c14e5.dir/build.make CMakeFiles/cmTC_c14e5.dir/build
make[1]: se entra en el directorio '/home/pi/Proyecto/epos/iotpos/build/CMakeFiles/CMakeTmp'
Building C object CMakeFiles/cmTC_c14e5.dir/CheckSymbolExists.c.o
/usr/bin/cc  -I/usr/include/qt4   -o CMakeFiles/cmTC_c14e5.dir/CheckSymbolExists.c.o   -c /home/pi/Proyecto/epos/iotpos/build/CMakeFiles/CMakeTmp/CheckSymbolExists.c
/home/pi/Proyecto/epos/iotpos/build/CMakeFiles/CMakeTmp/CheckSymbolExists.c: In function ‘main’:
/home/pi/Proyecto/epos/iotpos/build/CMakeFiles/CMakeTmp/CheckSymbolExists.c:8:19: error: ‘Q_WS_MAC’ undeclared (first use in this function); did you mean ‘Q_WS_X11’?
   return ((int*)(&Q_WS_MAC))[argc];
                   ^~~~~~~~
                   Q_WS_X11
/home/pi/Proyecto/epos/iotpos/build/CMakeFiles/CMakeTmp/CheckSymbolExists.c:8:19: note: each undeclared identifier is reported only once for each function it appears in
make[1]: *** [CMakeFiles/cmTC_c14e5.dir/build.make:66: CMakeFiles/cmTC_c14e5.dir/CheckSymbolExists.c.o] Error 1
make[1]: se sale del directorio '/home/pi/Proyecto/epos/iotpos/build/CMakeFiles/CMakeTmp'
make: *** [Makefile:121: cmTC_c14e5/fast] Error 2


File /home/pi/Proyecto/epos/iotpos/build/CMakeFiles/CMakeTmp/CheckSymbolExists.c:
/* */
#include <QtCore/qglobal.h>

int main(int argc, char** argv)
{
  (void)argv;
#ifndef Q_WS_MAC
  return ((int*)(&Q_WS_MAC))[argc];
#else
  (void)argc;
  return 0;
#endif
}
Performing C SOURCE FILE Test CMAKE_HAVE_LIBC_PTHREAD failed with the following output:
Change Dir: /home/pi/Proyecto/epos/iotpos/build/CMakeFiles/CMakeTmp

Run Build Command(s):/usr/bin/make cmTC_9ab7f/fast && /usr/bin/make -f CMakeFiles/cmTC_9ab7f.dir/build.make CMakeFiles/cmTC_9ab7f.dir/build
make[1]: se entra en el directorio '/home/pi/Proyecto/epos/iotpos/build/CMakeFiles/CMakeTmp'
Building C object CMakeFiles/cmTC_9ab7f.dir/src.c.o
/usr/bin/cc   -DCMAKE_HAVE_LIBC_PTHREAD   -o CMakeFiles/cmTC_9ab7f.dir/src.c.o   -c /home/pi/Proyecto/epos/iotpos/build/CMakeFiles/CMakeTmp/src.c
Linking C executable cmTC_9ab7f
/usr/bin/cmake -E cmake_link_script CMakeFiles/cmTC_9ab7f.dir/link.txt --verbose=1
/usr/bin/cc  -DCMAKE_HAVE_LIBC_PTHREAD    -rdynamic CMakeFiles/cmTC_9ab7f.dir/src.c.o  -o cmTC_9ab7f 
/usr/bin/ld: CMakeFiles/cmTC_9ab7f.dir/src.c.o: en la función `main':
src.c:(.text+0x40): referencia a `pthread_create' sin definir
/usr/bin/ld: src.c:(.text+0x4c): referencia a `pthread_detach' sin definir
/usr/bin/ld: src.c:(.text+0x5c): referencia a `pthread_join' sin definir
collect2: error: ld returned 1 exit status
make[1]: *** [CMakeFiles/cmTC_9ab7f.dir/build.make:87: cmTC_9ab7f] Error 1
make[1]: se sale del directorio '/home/pi/Proyecto/epos/iotpos/build/CMakeFiles/CMakeTmp'
make: *** [Makefile:121: cmTC_9ab7f/fast] Error 2


Source file was:
#include <pthread.h>

void* test_func(void* data)
{
  return data;
}

int main(void)
{
  pthread_t thread;
  pthread_create(&thread, NULL, test_func, NULL);
  pthread_detach(thread);
  pthread_join(thread, NULL);
  pthread_atfork(NULL, NULL, NULL);
  pthread_exit(NULL);

  return 0;
}

Determining if the function pthread_create exists in the pthreads failed with the following output:
Change Dir: /home/pi/Proyecto/epos/iotpos/build/CMakeFiles/CMakeTmp

Run Build Command(s):/usr/bin/make cmTC_ca2a9/fast && /usr/bin/make -f CMakeFiles/cmTC_ca2a9.dir/build.make CMakeFiles/cmTC_ca2a9.dir/build
make[1]: se entra en el directorio '/home/pi/Proyecto/epos/iotpos/build/CMakeFiles/CMakeTmp'
Building C object CMakeFiles/cmTC_ca2a9.dir/CheckFunctionExists.c.o
/usr/bin/cc   -DCHECK_FUNCTION_EXISTS=pthread_create   -o CMakeFiles/cmTC_ca2a9.dir/CheckFunctionExists.c.o   -c /usr/share/cmake-3.16/Modules/CheckFunctionExists.c
Linking C executable cmTC_ca2a9
/usr/bin/cmake -E cmake_link_script CMakeFiles/cmTC_ca2a9.dir/link.txt --verbose=1
/usr/bin/cc  -DCHECK_FUNCTION_EXISTS=pthread_create    -rdynamic CMakeFiles/cmTC_ca2a9.dir/CheckFunctionExists.c.o  -o cmTC_ca2a9  -lpthreads 
/usr/bin/ld: no se puede encontrar -lpthreads
collect2: error: ld returned 1 exit status
make[1]: *** [CMakeFiles/cmTC_ca2a9.dir/build.make:87: cmTC_ca2a9] Error 1
make[1]: se sale del directorio '/home/pi/Proyecto/epos/iotpos/build/CMakeFiles/CMakeTmp'
make: *** [Makefile:121: cmTC_ca2a9/fast] Error 2



Performing C++ SOURCE FILE Test _OFFT_IS_64BIT failed with the following output:
Change Dir: /home/pi/Proyecto/epos/iotpos/build/CMakeFiles/CMakeTmp

Run Build Command(s):/usr/bin/make cmTC_72f59/fast && /usr/bin/make -f CMakeFiles/cmTC_72f59.dir/build.make CMakeFiles/cmTC_72f59.dir/build
make[1]: se entra en el directorio '/home/pi/Proyecto/epos/iotpos/build/CMakeFiles/CMakeTmp'
Building CXX object CMakeFiles/cmTC_72f59.dir/src.cxx.o
/usr/bin/c++    -D_OFFT_IS_64BIT   -o CMakeFiles/cmTC_72f59.dir/src.cxx.o -c /home/pi/Proyecto/epos/iotpos/build/CMakeFiles/CMakeTmp/src.cxx
/home/pi/Proyecto/epos/iotpos/build/CMakeFiles/CMakeTmp/src.cxx:7:36: warning: left shift count >= width of type [-Wshift-count-overflow]
 #define LARGE_OFF_T (((off_t) 1 << 62) - 1 + ((off_t) 1 << 62))
                                    ^~
/home/pi/Proyecto/epos/iotpos/build/CMakeFiles/CMakeTmp/src.cxx:9:23: note: in expansion of macro ‘LARGE_OFF_T’
   int off_t_is_large[(LARGE_OFF_T % 2147483629 == 721 && LARGE_OFF_T % 2147483647 == 1) ? 1 : -1];
                       ^~~~~~~~~~~
/home/pi/Proyecto/epos/iotpos/build/CMakeFiles/CMakeTmp/src.cxx:7:60: warning: left shift count >= width of type [-Wshift-count-overflow]
 #define LARGE_OFF_T (((off_t) 1 << 62) - 1 + ((off_t) 1 << 62))
                                                            ^~
/home/pi/Proyecto/epos/iotpos/build/CMakeFiles/CMakeTmp/src.cxx:9:23: note: in expansion of macro ‘LARGE_OFF_T’
   int off_t_is_large[(LARGE_OFF_T % 2147483629 == 721 && LARGE_OFF_T % 2147483647 == 1) ? 1 : -1];
                       ^~~~~~~~~~~
/home/pi/Proyecto/epos/iotpos/build/CMakeFiles/CMakeTmp/src.cxx:9:97: error: size of array ‘off_t_is_large’ is negative
   int off_t_is_large[(LARGE_OFF_T % 2147483629 == 721 && LARGE_OFF_T % 2147483647 == 1) ? 1 : -1];
                                                                                                 ^
make[1]: *** [CMakeFiles/cmTC_72f59.dir/build.make:66: CMakeFiles/cmTC_72f59.dir/src.cxx.o] Error 1
make[1]: se sale del directorio '/home/pi/Proyecto/epos/iotpos/build/CMakeFiles/CMakeTmp'
make: *** [Makefile:121: cmTC_72f59/fast] Error 2


Source file was:

#include <sys/types.h>
 /* Check that off_t can represent 2**63 - 1 correctly.
    We can't simply define LARGE_OFF_T to be 9223372036854775807,
    since some C++ compilers masquerading as C compilers
    incorrectly reject 9223372036854775807.  */
#define LARGE_OFF_T (((off_t) 1 << 62) - 1 + ((off_t) 1 << 62))

  int off_t_is_large[(LARGE_OFF_T % 2147483629 == 721 && LARGE_OFF_T % 2147483647 == 1) ? 1 : -1];
  int main() { return 0; }

